<?xml version="1.0" encoding="UTF-8"?>
<!-- Generated by org.testng.reporters.JUnitReportReporter -->
<testsuite hostname="ashish" failures="0" tests="1" name="PackageTestLog.TestLogin" time="4.343" errors="0" timestamp="12 Mar 2022 09:35:27 GMT" skipped="0">
  <testcase classname="PackageTestLog.TestLogin" name="loginTest" time="4.343"/>
</testsuite> <!-- PackageTestLog.TestLogin -->
